# MEAN_SAMPLE_SIZE = 250665
# TOTAL_GENES = 15721
# CONDITIONED_INTERNAL = genesize, log_genesize, genedensity, log_genedensity, samplesize, log_samplesize, inverse_mac, log_inverse_mac
COVAR                      OBS_GENES       BETA   BETA_STD         SE            P
CB_1.1                         15721     0.0481     0.0531     0.0109   4.7803e-06
CB_2.1                         15721      0.046     0.0492     0.0111   1.8059e-05
CB_3.1                         15721     0.0851     0.0905     0.0112   1.4493e-14
CB_3.2                         15721     0.0769     0.0815     0.0112    4.293e-12
CB_4.2                         15721     0.0753     0.0797     0.0112   8.8307e-12
CB_6.1                         15721     0.0311     0.0326     0.0113     0.003032
CB_7.1                         15721     0.0155     0.0168      0.011     0.079099
ENT_1.1                        15721     0.0268     0.0292     0.0109     0.007165
ENT_1.2                        15721     0.0279     0.0303      0.011    0.0055343
ENT_1.3                        15721     0.0412     0.0443     0.0111   0.00010072
ENT_1.4                        15721     0.0319     0.0344     0.0111    0.0020171
ENT_1.5                        15721     0.0411     0.0432     0.0114   0.00015069
ENT_2.1                        15721   -0.00156   -0.00168      0.011      0.55609
ENT_2.2                        15721    0.00402    0.00424     0.0113      0.36088
ENT_2.3                        15721    0.00364    0.00384     0.0113      0.37343
ENT_2.4                        15721    -0.0159     -0.017     0.0111      0.92309
ENT_4.2                        15721     0.0687     0.0741      0.011   2.4319e-10
ENT_4.4                        15721     0.0692     0.0771     0.0107   4.9243e-11
ENT_4.6                        15721      0.088     0.0975     0.0107   1.3879e-16
ENT_4.7                        15721     0.0779     0.0865     0.0107   2.0887e-13
ENT_5.1                        15721     0.0396     0.0415     0.0114   0.00024293
ENT_5.2                        15721     0.0432     0.0452     0.0114   7.6964e-05
ENT_5.3                        15721     0.0537     0.0553     0.0116   1.7358e-06
ENT_7.2                        15721     0.0353     0.0376     0.0111    0.0007471
FC_1.1                         15721     0.0921        0.1      0.011   2.7061e-17
FC_1.10                        15721     0.0882     0.0949     0.0111   8.1365e-16
FC_1.11                        15721     0.0835       0.09     0.0111    2.372e-14
FC_1.2                         15721     0.0944      0.103      0.011   4.4497e-18
FC_1.4                         15721     0.0824     0.0893      0.011   3.2583e-14
FC_1.5                         15721      0.081     0.0887     0.0109    6.253e-14
FC_1.6                         15721      0.079     0.0872     0.0108   1.3285e-13
FC_1.7                         15721     0.0974      0.103     0.0113   2.8022e-18
FC_1.9                         15721      0.101      0.109     0.0111   6.2491e-20
FC_10.1                        15721     0.0341     0.0376     0.0107   0.00073829
FC_10.3                        15721     0.0406     0.0435     0.0111   0.00012731
FC_10.4                        15721       0.04     0.0414     0.0115   0.00025539
FC_10.5                        15721     0.0221     0.0237     0.0111     0.023142
FC_10.6                        15721     0.0343     0.0368     0.0111   0.00097559
FC_11.1                        15721     0.0291     0.0324     0.0107    0.0031248
FC_12.1                        15721    -0.0103    -0.0115     0.0106      0.83399
FC_12.2                        15721   -0.00977    -0.0104     0.0111       0.8103
FC_12.3                        15721    0.00208     0.0023     0.0107      0.42338
FC_12.4                        15721    0.00115    0.00127     0.0108      0.45737
FC_13.1                        15721   -0.00779   -0.00851     0.0109      0.76349
FC_13.2                        15721   0.000841    0.00092     0.0108       0.4691
FC_14.1                        15721     0.0034    0.00365      0.011      0.37885
FC_2.1                         15721     0.0619     0.0659     0.0112   1.7181e-08
FC_2.10                        15721     0.0849     0.0919      0.011   6.2189e-15
FC_2.2                         15721     0.0897     0.0985     0.0109   8.1857e-17
FC_2.3                         15721     0.0782     0.0846     0.0111   8.1398e-13
FC_2.4                         15721     0.0903     0.0986     0.0109   7.2614e-17
FC_2.5                         15721     0.0817     0.0885      0.011   6.8292e-14
FC_2.6                         15721     0.0873     0.0922     0.0112   4.5713e-15
FC_2.7                         15721      0.095      0.103      0.011   3.1666e-18
FC_2.8                         15721     0.0898     0.0981     0.0109     1.04e-16
FC_2.9                         15721     0.0952      0.104     0.0109   1.2603e-18
FC_3.1                         15721      0.097      0.109     0.0105   1.9891e-20
FC_3.10                        15721     0.0868     0.0956     0.0108   4.8582e-16
FC_3.11                        15721     0.0874     0.0934     0.0111   1.9195e-15
FC_3.12                        15721     0.0982      0.108     0.0108   3.9859e-20
FC_3.13                        15721     0.0945      0.103     0.0109   1.8323e-18
FC_3.2                         15721     0.0935      0.101      0.011   1.1963e-17
FC_3.3                         15721     0.0938      0.106     0.0105   2.6848e-19
FC_3.4                         15721      0.102      0.114     0.0106   5.9826e-22
FC_3.5                         15721      0.109       0.12     0.0108   3.9182e-24
FC_3.6                         15721      0.107      0.115     0.0111   2.0835e-22
FC_3.7                         15721     0.0877     0.0985     0.0106   5.4225e-17
FC_3.8                         15721     0.0772     0.0857     0.0107   2.7587e-13
FC_3.9                         15721     0.0955      0.106     0.0107   3.0815e-19
FC_4.1                         15721     0.0725      0.081     0.0107   5.4774e-12
FC_4.2                         15721      0.106      0.114     0.0111   4.2259e-22
FC_5.1                         15721      0.112      0.124     0.0106   6.1752e-26
FC_6.1                         15721      0.088      0.103     0.0101    1.435e-18
FC_6.2                         15721      0.103      0.112     0.0109    2.285e-21
FC_6.3                         15721     0.0877      0.103     0.0101   2.4006e-18
FC_6.4                         15721     0.0874      0.103       0.01   1.9133e-18
FC_6.5                         15721      0.102      0.113     0.0107   1.0369e-21
FC_7.1                         15721      0.108      0.118     0.0109   2.3255e-23
FC_7.2                         15721      0.105      0.115     0.0109   2.6154e-22
FC_7.3                         15721      0.101      0.113     0.0107   1.3383e-21
FC_7.5                         15721      0.106      0.113     0.0112   1.5965e-21
FC_7.6                         15721      0.096      0.108     0.0106   5.5676e-20
FC_7.7                         15721      0.106      0.115      0.011   3.3979e-22
FC_8.1                         15721     0.0266     0.0298     0.0106     0.006044
FC_8.2                         15721     0.0202     0.0222     0.0108     0.030651
FC_9.1                         15721     0.0362     0.0396     0.0109   0.00043396
FC_9.2                         15721      0.049     0.0515     0.0113   7.5187e-06
FC_9.3                         15721     0.0287      0.031      0.011    0.0045985
FC_9.4                         15721     0.0377     0.0414     0.0108   0.00025277
FC_9.5                         15721     0.0302     0.0328      0.011    0.0029574
GP_1.1                         15721      0.066     0.0728     0.0108   4.9539e-10
GP_1.2                         15721     0.0821     0.0885     0.0111   6.2918e-14
GP_10.1                        15721      0.032     0.0357     0.0106    0.0013338
GP_10.2                        15721     0.0284     0.0313     0.0108    0.0043345
GP_10.3                        15721     0.0347     0.0383     0.0108   0.00064036
GP_10.4                        15721     0.0377     0.0402     0.0112   0.00036701
GP_10.5                        15721     0.0305     0.0337     0.0108    0.0023493
GP_10.6                        15721     0.0373     0.0405      0.011   0.00033892
GP_11.1                        15721      0.014     0.0151      0.011      0.10153
GP_2.1                         15721     0.0743     0.0798     0.0112   1.5379e-11
GP_2.11                        15721     0.0972      0.105     0.0111   8.9017e-19
GP_2.12                        15721     0.0992      0.106     0.0112   4.8811e-19
GP_2.13                        15721     0.0837     0.0934     0.0107   2.4041e-15
GP_2.14                        15721     0.0764     0.0853     0.0107   4.9195e-13
GP_2.15                        15721     0.0882     0.0987     0.0107   8.8426e-17
GP_2.16                        15721     0.0879      0.097     0.0108   2.6153e-16
GP_2.17                        15721     0.0871     0.0953     0.0109   7.9465e-16
GP_2.18                        15721     0.0989      0.108     0.0109    6.494e-20
GP_2.19                        15721     0.0871     0.0974     0.0106   1.5604e-16
GP_2.2                         15721     0.0826     0.0904     0.0109   2.0591e-14
GP_2.20                        15721     0.0978      0.107     0.0109   1.5207e-19
GP_2.21                        15721     0.0866     0.0949     0.0109   1.0295e-15
GP_2.24                        15721     0.0744     0.0804      0.011   8.4654e-12
GP_2.25                        15721     0.0971      0.104     0.0111   1.2505e-18
GP_2.3                         15721     0.0804     0.0899     0.0107   3.5448e-14
GP_2.4                         15721     0.0812     0.0908     0.0107   1.6888e-14
GP_2.5                         15721     0.0734      0.081     0.0108   6.2028e-12
GP_2.6                         15721     0.0918      0.102     0.0108   1.1899e-17
GP_2.7                         15721     0.0905        0.1     0.0108   2.0707e-17
GP_2.8                         15721       0.09     0.0985     0.0109    1.036e-16
GP_2.9                         15721     0.0733       0.08      0.011   1.2219e-11
GP_3.1                         15721     0.0928      0.104     0.0106   1.2617e-18
GP_3.2                         15721     0.0925      0.102     0.0109   8.5751e-18
GP_3.3                         15721     0.0971      0.107     0.0108   1.3691e-19
GP_3.4                         15721     0.0975      0.107     0.0109    1.797e-19
GP_3.5                         15721      0.088     0.0973     0.0108   1.8993e-16
GP_3.6                         15721     0.0884     0.0974     0.0109   2.0317e-16
GP_3.7                         15721     0.0816       0.09     0.0108   2.3061e-14
GP_3.8                         15721     0.0974      0.106      0.011   4.4151e-19
GP_3.9                         15721      0.088     0.0975     0.0108   1.8171e-16
GP_4.1                         15721     0.0406     0.0434     0.0112   0.00013652
GP_4.2                         15721     0.0553     0.0587     0.0112   3.9939e-07
GP_4.3                         15721     0.0394      0.041     0.0114   0.00028079
GP_4.4                         15721     0.0351     0.0379      0.011   0.00070971
GP_4.5                         15721     0.0274     0.0301     0.0108    0.0055744
GP_5.1                         15721     0.0331     0.0367     0.0107   0.00097749
GP_5.2                         15721     0.0191     0.0212     0.0107     0.037043
GP_7.1                         15721   -0.00944    -0.0102      0.011      0.80474
GP_7.2                         15721    -0.0018   -0.00196     0.0109      0.56565
GP_7.3                         15721    -0.0158     -0.017     0.0111       0.9234
GP_7.4                         15721    0.00487    0.00532     0.0109      0.32738
GP_7.5                         15721    0.00544    0.00596     0.0109       0.3083
GP_7.6                         15721   0.000733   0.000794      0.011       0.4734
GP_8.1                         15721   -0.00619    -0.0067      0.011      0.71351
GP_8.4                         15721    0.00345    0.00375     0.0109      0.37578
HC_1.1                         15721     0.0766     0.0818     0.0111   3.2163e-12
HC_1.10                        15721      0.073     0.0783     0.0111   2.3832e-11
HC_1.11                        15721     0.0735     0.0795      0.011   1.4915e-11
HC_1.12                        15721     0.0777     0.0827     0.0112      2.5e-12
HC_1.13                        15721     0.0764     0.0812     0.0113   6.0606e-12
HC_1.14                        15721     0.0768     0.0839     0.0109   1.0744e-12
HC_1.15                        15721      0.075     0.0798     0.0113   1.3948e-11
HC_1.17                        15721     0.0627     0.0678      0.011   6.7691e-09
HC_1.18                        15721      0.066     0.0705     0.0112   1.9275e-09
HC_1.19                        15721     0.0653     0.0694     0.0112   2.9524e-09
HC_1.20                        15721     0.0692     0.0744     0.0111   2.2612e-10
HC_1.21                        15721     0.0652     0.0698     0.0112    2.719e-09
HC_1.22                        15721     0.0796      0.085     0.0111   4.3643e-13
HC_1.23                        15721     0.0629     0.0683     0.0109   4.5459e-09
HC_1.24                        15721     0.0724     0.0779      0.011   2.8689e-11
HC_1.25                        15721     0.0832     0.0884     0.0112   6.6737e-14
HC_1.26                        15721     0.0794     0.0852     0.0111   5.5312e-13
HC_1.27                        15721     0.0837     0.0888     0.0112    4.663e-14
HC_1.4                         15721     0.0788     0.0857     0.0109   3.2182e-13
HC_1.5                         15721     0.0764     0.0829      0.011   2.1405e-12
HC_1.6                         15721     0.0819     0.0891     0.0109   3.4932e-14
HC_1.7                         15721      0.079     0.0846     0.0111   7.2916e-13
HC_1.8                         15721     0.0801     0.0868      0.011   1.7025e-13
HC_1.9                         15721      0.076     0.0824      0.011    2.636e-12
HC_10.1                        15721     0.0147     0.0161     0.0109     0.088211
HC_11.1                        15721    -0.0108     -0.012     0.0107      0.84437
HC_12.1                        15721    0.00106    0.00113     0.0112      0.46236
HC_13.2                        15721     0.0455     0.0485     0.0113   2.8023e-05
HC_13.5                        15721     0.0559       0.06     0.0111    2.496e-07
HC_14.1                        15721     0.0338     0.0371     0.0109   0.00095907
HC_15.1                        15721    -0.0101    -0.0113     0.0107      0.82865
HC_15.2                        15721   -0.00456    -0.0049     0.0111      0.66001
HC_16.1                        15721   -0.00613    -0.0067     0.0108      0.71406
HC_16.2                        15721    0.00139    0.00151      0.011      0.44946
HC_17.1                        15721    -0.0143    -0.0153      0.011       0.9019
HC_2.1                         15721     0.0919     0.0998      0.011   2.9889e-17
HC_2.2                         15721     0.0911     0.0982      0.011   8.3632e-17
HC_2.3                         15721     0.0931     0.0998     0.0111    3.342e-17
HC_2.4                         15721      0.097      0.105      0.011   4.7202e-19
HC_2.5                         15721     0.0861     0.0945     0.0108    1.083e-15
HC_2.6                         15721     0.0843     0.0937     0.0107   1.6086e-15
HC_2.7                         15721     0.0842     0.0935     0.0107   1.9679e-15
HC_3.1                         15721     0.0749     0.0796     0.0112   1.4403e-11
HC_3.10                        15721     0.0932      0.102     0.0108   4.0998e-18
HC_3.11                        15721     0.0882     0.0952      0.011   7.1844e-16
HC_3.2                         15721     0.0802      0.089     0.0107   3.3796e-14
HC_3.3                         15721     0.0868     0.0946     0.0109   8.8612e-16
HC_3.6                         15721     0.0721     0.0792     0.0109   1.7627e-11
HC_3.7                         15721     0.0679     0.0749     0.0108   1.6857e-10
HC_3.8                         15721     0.0776     0.0842      0.011   7.6093e-13
HC_3.9                         15721     0.0822     0.0871     0.0113   1.5153e-13
HC_4.1                         15721     0.0617     0.0703     0.0104   1.5644e-09
HC_4.2                         15721     0.0719     0.0793     0.0108   1.2483e-11
HC_5.1                         15721     0.0941      0.106     0.0105   1.7467e-19
HC_5.10                        15721      0.101      0.108     0.0111   6.8443e-20
HC_5.11                        15721     0.0921      0.102     0.0107   3.7331e-18
HC_5.12                        15721     0.0937      0.101     0.0111   1.6357e-17
HC_5.14                        15721      0.104      0.116     0.0107   1.5162e-22
HC_5.15                        15721      0.112      0.122     0.0109   4.2251e-25
HC_5.2                         15721     0.0972      0.107     0.0107   8.7625e-20
HC_5.3                         15721     0.0874     0.0976     0.0106   9.1514e-17
HC_5.4                         15721      0.101      0.113     0.0106   7.4405e-22
HC_5.5                         15721      0.118      0.126     0.0111   1.1344e-26
HC_5.6                         15721     0.0952      0.106     0.0107   2.8139e-19
HC_5.7                         15721     0.0957      0.105     0.0109   6.8547e-19
HC_5.8                         15721     0.0965      0.104      0.011   1.1124e-18
HC_5.9                         15721      0.112      0.121      0.011   2.0501e-24
HC_6.1                         15721     0.0713     0.0824     0.0103   1.9158e-12
HC_6.2                         15721     0.0983      0.108     0.0108   4.6077e-20
HC_6.3                         15721     0.0872     0.0978     0.0106   1.0002e-16
HC_6.4                         15721     0.0943      0.104     0.0108   1.1385e-18
HC_6.5                         15721      0.101      0.108      0.011    5.093e-20
HC_6.6                         15721     0.0817     0.0914     0.0106   8.0618e-15
HC_6.7                         15721     0.0804     0.0885     0.0108   4.8451e-14
HC_6.8                         15721     0.0835     0.0908     0.0109   1.0407e-14
HC_7.1                         15721     0.0188     0.0211     0.0106     0.038128
HC_7.2                         15721     0.0239     0.0261     0.0109     0.013999
HC_7.3                         15721      0.019     0.0204     0.0111     0.042575
HC_8.1                         15721     0.0327      0.035     0.0111    0.0016509
HC_8.2                         15721     0.0413     0.0441     0.0111   0.00010551
HC_8.3                         15721     0.0355     0.0388     0.0109   0.00057168
HC_8.4                         15721     0.0374       0.04     0.0112   0.00040236
HC_9.1                         15721     0.0244     0.0263      0.011     0.013482
HC_9.2                         15721     0.0323     0.0341     0.0113    0.0020995
HC_9.3                         15721     0.0256      0.028     0.0108    0.0090825
HC_9.4                         15721     0.0388     0.0421     0.0109    0.0001967
PC_1.1                         15721     0.0899     0.0986     0.0108   6.1116e-17
PC_1.3                         15721      0.106      0.116     0.0109   1.5143e-22
PC_1.4                         15721        0.1      0.111     0.0107   4.8285e-21
PC_1.5                         15721        0.1      0.109     0.0109   2.7324e-20
PC_1.6                         15721      0.113      0.121     0.0112   3.2976e-24
PC_1.7                         15721      0.114      0.124     0.0109   1.2262e-25
PC_1.8                         15721      0.113      0.126     0.0107   1.9233e-26
PC_1.9                         15721      0.117      0.129     0.0108   1.1931e-27
PC_10.1                        15721     0.0483     0.0528     0.0109   4.4345e-06
PC_10.3                        15721     0.0349     0.0377      0.011    0.0007469
PC_11.1                        15721     0.0399     0.0445     0.0106   8.4748e-05
PC_12.1                        15721   0.000301   0.000329     0.0109      0.48896
PC_12.2                        15721    0.00809    0.00883     0.0109      0.22855
PC_12.3                        15721    0.00269    0.00296     0.0108      0.40165
PC_12.4                        15721    -0.0123    -0.0132     0.0111      0.86725
PC_13.1                        15721     0.0075    0.00819     0.0108      0.24459
PC_13.3                        15721   0.000506   0.000542     0.0111      0.48176
PC_14.1                        15721     0.0186     0.0204     0.0108     0.042655
PC_2.1                         15721      0.121      0.135     0.0106   4.2477e-30
PC_2.10                        15721      0.106      0.119     0.0106   7.8787e-24
PC_2.11                        15721      0.105      0.118     0.0105   1.1281e-23
PC_2.12                        15721      0.105      0.115     0.0108   2.5914e-22
PC_2.13                        15721      0.107      0.121     0.0105   1.6644e-24
PC_2.14                        15721      0.109      0.122     0.0106   5.2227e-25
PC_2.15                        15721       0.11      0.119      0.011   7.0358e-24
PC_2.16                        15721      0.108       0.12     0.0108   4.4001e-24
PC_2.17                        15721      0.107      0.119     0.0107   5.6463e-24
PC_2.18                        15721      0.117      0.129     0.0107   1.0447e-27
PC_2.2                         15721      0.111      0.123     0.0107   1.6444e-25
PC_2.3                         15721      0.109      0.117     0.0111   3.8646e-23
PC_2.4                         15721      0.111      0.123     0.0107    2.149e-25
PC_2.5                         15721     0.0998      0.113     0.0105   9.0387e-22
PC_2.6                         15721      0.102      0.115     0.0107    4.477e-22
PC_2.7                         15721     0.0937      0.105     0.0106   6.4621e-19
PC_2.8                         15721      0.126      0.133     0.0112   3.2531e-29
PC_2.9                         15721      0.106      0.118     0.0106   1.3386e-23
PC_3.1                         15721      0.099      0.108     0.0109   4.6848e-20
PC_3.10                        15721      0.101       0.11     0.0109   1.2015e-20
PC_3.2                         15721      0.111      0.121     0.0109    1.213e-24
PC_3.3                         15721      0.108      0.119     0.0108   1.1725e-23
PC_3.4                         15721      0.115      0.127     0.0108   1.4011e-26
PC_3.5                         15721      0.112      0.123      0.011   6.6256e-25
PC_3.8                         15721      0.113      0.123      0.011    4.417e-25
PC_3.9                         15721      0.112      0.122      0.011   8.0923e-25
PC_4.1                         15721      0.102       0.11     0.0111    2.391e-20
PC_4.2                         15721     0.0963      0.104     0.0111   2.0662e-18
PC_4.3                         15721     0.0898     0.0967     0.0111   3.0693e-16
PC_4.4                         15721     0.0784     0.0834     0.0112    1.429e-12
PC_4.5                         15721     0.0958      0.102     0.0112   6.7041e-18
PC_4.7                         15721     0.0903      0.096     0.0112   4.4621e-16
PC_4.8                         15721     0.0879     0.0957     0.0109   5.1499e-16
PC_4.9                         15721     0.0847     0.0921      0.011    6.279e-15
PC_5.2                         15721     0.0973      0.107     0.0109   2.1142e-19
PC_5.3                         15721     0.0942      0.102      0.011   5.0494e-18
PC_5.5                         15721     0.0886     0.0964      0.011   4.5699e-16
PC_5.6                         15721     0.0967      0.105     0.0111   1.2688e-18
PC_6.1                         15721     0.0961      0.107     0.0107   1.2467e-19
PC_6.3                         15721      0.105      0.112     0.0112   4.0988e-21
PC_6.5                         15721      0.103      0.114     0.0107   5.1391e-22
PC_6.6                         15721      0.106      0.116     0.0109   1.8019e-22
PC_6.7                         15721      0.102       0.11      0.011   9.0114e-21
PC_7.1                         15721     0.0785     0.0847     0.0111   6.4498e-13
PC_7.2                         15721     0.0871      0.095     0.0109   8.8578e-16
PC_7.3                         15721     0.0871      0.094      0.011    1.289e-15
PC_8.1                         15721     0.0267     0.0298     0.0106    0.0059748
PC_8.2                         15721     0.0207     0.0228     0.0108     0.027191
PC_8.3                         15721     0.0304     0.0331     0.0109    0.0026797
PC_9.1                         15721     0.0422     0.0457      0.011    6.133e-05
PC_9.3                         15721     0.0488     0.0521     0.0111   6.0528e-06
PC_9.4                         15721     0.0385      0.042     0.0109    0.0002114
PC_9.5                         15721     0.0463      0.049     0.0112   1.8446e-05
SN_10.1                        15721     0.0222     0.0247     0.0107     0.019165
SN_10.2                        15721     0.0329     0.0362     0.0108     0.001197
SN_10.3                        15721     0.0281     0.0302     0.0111    0.0055466
SN_10.4                        15721     0.0299      0.033     0.0108    0.0028158
SN_10.5                        15721      0.048     0.0523     0.0109   5.5421e-06
SN_11.1                        15721     0.0367     0.0385     0.0113   0.00058226
SN_12.1                        15721   -0.00947    -0.0103     0.0109      0.80677
SN_12.3                        15721    0.00463    0.00505     0.0109      0.33543
SN_12.4                        15721    0.00209    0.00229     0.0108      0.42353
SN_13.1                        15721  -1.56e-05  -1.67e-05     0.0111      0.50056
SN_13.3                        15721   -0.00335   -0.00362      0.011      0.61964
SN_13.4                        15721   -0.00936   -0.00989     0.0112      0.79744
SN_2.1                         15721     0.0733     0.0797     0.0109   1.0231e-11
SN_3.1                         15721     0.0763     0.0823      0.011   2.3638e-12
SN_3.10                        15721     0.0673     0.0755     0.0106    1.109e-10
SN_3.11                        15721     0.0743     0.0815     0.0109   5.1015e-12
SN_3.12                        15721     0.0825     0.0907     0.0108   1.4909e-14
SN_3.13                        15721     0.0783     0.0877     0.0106   8.3009e-14
SN_3.14                        15721     0.0798      0.088     0.0108   7.2282e-14
SN_3.15                        15721     0.0706     0.0791     0.0106   1.4744e-11
SN_3.16                        15721     0.0712     0.0782     0.0109   3.1191e-11
SN_3.17                        15721     0.0811     0.0873      0.011   1.1408e-13
SN_3.18                        15721     0.0819     0.0908     0.0108   1.4486e-14
SN_3.19                        15721     0.0756     0.0809     0.0112    6.633e-12
SN_3.3                         15721     0.0737      0.083     0.0106    1.731e-12
SN_3.6                         15721     0.0676     0.0741     0.0109   2.5794e-10
SN_3.7                         15721      0.055     0.0602     0.0109   2.2172e-07
SN_3.9                         15721     0.0734     0.0799      0.011   1.1629e-11
SN_4.1                         15721     0.0618     0.0678     0.0108   6.0564e-09
SN_4.3                         15721     0.0707     0.0767      0.011   6.3336e-11
SN_4.5                         15721     0.0779     0.0843      0.011   8.3793e-13
SN_4.7                         15721     0.0767      0.082     0.0112   3.5835e-12
SN_4.8                         15721     0.0694     0.0755      0.011   1.3383e-10
SN_4.9                         15721     0.0692     0.0753     0.0109   1.2422e-10
SN_5.1                         15721     0.0392      0.041     0.0114   0.00028257
SN_5.2                         15721      0.044     0.0463     0.0113   5.0531e-05
SN_5.3                         15721     0.0512     0.0536     0.0114   3.4828e-06
SN_7.1                         15721      0.031     0.0331     0.0111    0.0025498
SN_7.2                         15721     0.0374      0.041     0.0108   0.00026743
STR_1.1                        15721   -0.00176   -0.00195     0.0107      0.56532
STR_10.1                       15721      0.069     0.0755     0.0109   1.1413e-10
STR_10.2                       15721     0.0571     0.0631     0.0108   5.7046e-08
STR_10.3                       15721     0.0487     0.0535     0.0109   3.8621e-06
STR_10.4                       15721     0.0732     0.0829     0.0105   1.8348e-12
STR_10.5                       15721     0.0643     0.0689     0.0111   3.5094e-09
STR_11.1                       15721     0.0706       0.08     0.0105   9.9204e-12
STR_11.2                       15721     0.0697     0.0769     0.0108   5.7033e-11
STR_11.3                       15721     0.0701     0.0762      0.011   7.9581e-11
STR_12.1                       15721     0.0603     0.0656     0.0109   1.7077e-08
STR_13.1                       15721     0.0621     0.0672      0.011   8.2993e-09
STR_13.2                       15721     0.0784     0.0837     0.0112   1.1735e-12
STR_13.3                       15721     0.0699     0.0743     0.0112   2.3775e-10
STR_13.4                       15721     0.0812     0.0868     0.0111   1.5557e-13
STR_13.5                       15721     0.0563     0.0596     0.0113    2.887e-07
STR_13.9                       15721     0.0429     0.0469     0.0109   4.3962e-05
STR_14.1                       15721     0.0595     0.0656     0.0108   1.6576e-08
STR_14.3                       15721     0.0732      0.078     0.0111   2.4158e-11
STR_14.4                       15721     0.0579     0.0629      0.011   6.7355e-08
STR_15.1                       15721     0.0471     0.0517     0.0109   7.4385e-06
STR_2.1                        15721     0.0235     0.0249     0.0114     0.019322
STR_2.3                        15721     0.0272     0.0288     0.0114    0.0083557
STR_2.5                        15721     0.0277     0.0297     0.0113    0.0068488
STR_3.1                        15721     0.0314     0.0334     0.0112    0.0025014
STR_3.2                        15721     0.0296     0.0322     0.0109    0.0033891
STR_3.3                        15721       0.02     0.0212     0.0112     0.037923
STR_4.1                        15721     0.0177     0.0196     0.0107      0.04952
STR_4.2                        15721     0.0185     0.0202     0.0109     0.044757
STR_4.3                        15721     0.0236     0.0252     0.0111      0.01706
STR_5.1                        15721     0.0222     0.0242     0.0108     0.020437
STR_6.2                        15721     0.0105     0.0114      0.011      0.16906
STR_7.1                        15721  -0.000768  -0.000839     0.0109      0.52817
STR_7.2                        15721     -0.011    -0.0118     0.0111      0.83947
TH_1.1                         15721     0.0655     0.0693     0.0113    3.443e-09
TH_1.2                         15721     0.0407     0.0439     0.0111   0.00012237
TH_1.3                         15721     0.0406     0.0438     0.0111   0.00012428
TH_10.1                        15721    0.00451    0.00496     0.0108      0.33769
TH_11.2                        15721     0.0421      0.046     0.0108    4.986e-05
TH_12.1                        15721     0.0443     0.0466     0.0113   4.4628e-05
TH_12.2                        15721     0.0431     0.0454     0.0113   6.8059e-05
TH_12.3                        15721     0.0356     0.0379     0.0112   0.00073899
TH_2.1                         15721     0.0829      0.092     0.0107     6.04e-15
TH_2.10                        15721     0.0832     0.0939     0.0105   1.5702e-15
TH_2.11                        15721     0.0757     0.0853     0.0106   3.8441e-13
TH_2.2                         15721     0.0755     0.0849     0.0106   5.2152e-13
TH_2.3                         15721     0.0783     0.0867     0.0108   1.9354e-13
TH_2.4                         15721     0.0915      0.101     0.0109   1.9848e-17
TH_2.5                         15721     0.0931      0.101      0.011   1.1083e-17
TH_2.6                         15721     0.0788     0.0866     0.0109   2.1628e-13
TH_2.7                         15721     0.0879     0.0954      0.011   6.8762e-16
TH_2.8                         15721     0.0693     0.0774     0.0107   4.0816e-11
TH_2.9                         15721     0.0882     0.0959     0.0109   4.1005e-16
TH_3.1                         15721     0.0829     0.0911     0.0108   1.0808e-14
TH_3.10                        15721     0.0852     0.0937     0.0108   2.0213e-15
TH_3.11                        15721     0.0851     0.0911     0.0111   1.2588e-14
TH_3.2                         15721     0.0728     0.0799     0.0108    9.893e-12
TH_3.3                         15721     0.0742     0.0821     0.0108   2.7875e-12
TH_3.4                         15721     0.0715      0.078     0.0109    2.756e-11
TH_3.5                         15721     0.0832     0.0894     0.0111    3.997e-14
TH_3.6                         15721     0.0739     0.0817     0.0108   4.1198e-12
TH_3.7                         15721     0.0526     0.0583     0.0108   5.2052e-07
TH_3.8                         15721     0.0784     0.0883     0.0106   7.0903e-14
TH_3.9                         15721     0.0949      0.105     0.0109   1.4881e-18
TH_4.1                         15721   -0.00805   -0.00881     0.0109      0.77097
TH_4.3                         15721   0.000318    0.00035     0.0108      0.48823
TH_4.4                         15721    0.00563    0.00612     0.0109      0.30307
TH_5.1                         15721   -0.00013  -0.000142     0.0109      0.50476
TH_5.2                         15721   -0.00105   -0.00114     0.0108       0.5384
TH_8.1                         15721     0.0289     0.0316     0.0109     0.004033
TH_8.2                         15721     0.0256     0.0286     0.0106    0.0081313
TH_8.3                         15721     0.0402     0.0437      0.011   0.00012109
TH_8.4                         15721      0.036      0.039      0.011   0.00052484
TH_9.1                         15721     0.0316     0.0333     0.0113    0.0025055
