# ALPHA = 0.05
# TOT_SETS = 1


# _SET1_ SET = Fernandez.2018.All.ARC.interactors
# _SET1_ NGENES = 777
# _SET1_ P = 0.000659453
_SET1_     GENE        CHR      START       STOP  NSNPS  NPARAM       N        ZSTAT            P
_SET1_     55210         1    1412523    1480067    120      14  231193     0.096906       0.4614
_SET1_     2782          1    1706725    1857552    213      19  255259       1.3748     0.084601
_SET1_     57470         1    3686784    3748068    307      22  254955       2.2223     0.013132
_SET1_     8514          1    6017358    6171253    427      57  250916      0.73496      0.23118
_SET1_     55735         1    6684228    6796966    223      21  258700       2.4756    0.0066503
_SET1_     79180         1   15701391   15766839    191      30  237625      0.84047      0.20032
_SET1_     84966         1   18399240   18714977   1023     130  251549      0.19624      0.42221
_SET1_     832           1   19655267   19847066    647      37  254332      0.18941      0.42489
_SET1_     1650          1   20968260   21023037    167      31  244480      0.97756      0.16415
_SET1_     57576         1   20980475   21079317    295      45  250459      0.32356      0.37314
_SET1_     6135          1   23983269   24032915    120      18  223735       -1.044      0.85176
_SET1_     2810          1   27154633   27200947     60       7  260621        3.526   0.00021094
_SET1_     10163         1   27720734   27851678    214      15  240041     0.074511       0.4703
_SET1_     23673         1   28064694   28160963    142      11  214390    -0.037955      0.51514
_SET1_     2035          1   29178603   29456558    541      29  257162       4.9122   4.5032e-07
_SET1_     8565          1   33230840   33318633    131      13  259062       1.0053      0.15736
_SET1_     58512         1   35321037   35426083    123      30  241685      0.81165       0.2085
_SET1_     23154         1   35988311   36042380     63      11  233246     -0.83154      0.79717
_SET1_     27095         1   36592170   36656654    133      16  224364       1.3028      0.09632
_SET1_     6513          1   43381046   43459847    253      21  256935      0.15857        0.437
_SET1_     6202          1   45206213   45254427     97      14  251656       0.3958      0.34613
_SET1_     5052          1   45966707   46023562    120      10  262078       1.4822     0.069145
_SET1_     84251         1   66964066   67220768    871      30  261990       3.0432    0.0011704
_SET1_     57554         1   69998230   70599171   1518      43  259559      0.35154      0.36259
_SET1_     257194        1   71858625   72783533   1765      87  252963       8.6098   3.6607e-18
_SET1_     5825          1   94848933   94994219    154      20  256310      0.15156      0.43977
_SET1_     9890          1   99694848   99785140    247      33  254893        1.058      0.14503
_SET1_     118427        1  102258126  102497790    744      76  252405    0.0052963      0.49789
_SET1_     22911         1  109502835  109619860    323      29  254813      0.77791      0.21831
_SET1_     10768         1  110492387  110576364     83      18  238644       2.1785     0.014686
_SET1_     5906          1  112127405  112266807    432      31  254759       3.0867     0.001012
_SET1_     476           1  116879802  116958069    129      14  243459       1.3541     0.087851
_SET1_     26227         1  120219419  120296849    157      28  254924      -1.2124      0.88731
_SET1_     9900          1  149864870  149924434     80       6  253547       1.2944      0.09776
_SET1_     11311         1  150004350  150127505    176       6  253400       1.9831     0.023678
_SET1_     81609         1  151549454  151681559    198      23  251085       1.8759     0.030334
_SET1_     7170          1  154117780  154199611     99      16  259721       2.9385    0.0016489
_SET1_     9181          1  155906431  155988396    106      15  255654       0.6358      0.26245
_SET1_     7203          1  156268752  156343206    130      11  263002      0.44033      0.32985
_SET1_     477           1  160050520  160123381    198      30  261500      0.90139      0.18369
_SET1_     93185         1  160051129  160103650    119      21  261932       1.2412      0.10726
_SET1_     4720          1  161132209  161194185    109      23  260598       0.3778      0.35279
_SET1_     481           1  169040947  169111960    226      40  253936       1.3457     0.089203
_SET1_     26052         1  171775618  172397606   1364      73  252688       2.1484     0.015839
_SET1_     7143          1  175281935  175747752   1270     113  252413       3.5931   0.00016341
_SET1_     9462          1  178027864  178458649    666      27  255296       1.0162      0.15476
_SET1_     10228         1  180932164  181027074    191      29  249980     -0.50733      0.69404
_SET1_     2752          1  182340839  182396341    150      18  257933       1.3839     0.083201
_SET1_     23114         1  204762782  205001950    694      66  247396       1.0162      0.15478
_SET1_     6900          1  204977340  205057173    248      41  250248        1.932     0.026677
_SET1_     2058          1  220131940  220255000    370      17  261092      0.29134       0.3854
_SET1_     4139          1  220666568  220847799    355      18  250316     0.035921      0.48567
_SET1_     55740         1  225664534  225875845    483      30  255010      0.21795      0.41373
_SET1_     375           1  228235361  228296913     67      10  259005       1.0199       0.1539
_SET1_     149371        1  231458482  231508578     98       7  256309     -0.21455      0.58494
_SET1_     9804          1  235262656  235327256    136      12  255388      0.99569       0.1597
_SET1_     88            1  236814754  236937931    494      40  256574       1.6894     0.045567
_SET1_     56776         1  240220185  240648491   1325      93  252723    -0.013425      0.50536
_SET1_     9475          2   11309894   11519711    572      22  256279       1.1245       0.1304
_SET1_     1653          2   15696745   15781235    237      23  255993     0.066096      0.47365
_SET1_     7447          2   17686807   17847706    522      19  259995       1.2756      0.10105
_SET1_     388           2   20611835   20659201    161      35  221951      0.77419      0.21941
_SET1_     2281          2   24237584   24296551    151      22  259342       2.6233     0.004354
_SET1_     50618         2   24415733   24618647    460      22  250361       1.0759      0.14098
_SET1_     22979         2   25229973   25392004    379      31  255102       4.0713   2.3376e-05
_SET1_     3030          2   26403504   26502665    169       7  258290     -0.37174      0.64496
_SET1_     3032          2   26432616   26523333    150       8  258185     -0.38637      0.65039
_SET1_     22924         2   27158525   27260087    142       9  258012       4.0713   2.3379e-05
_SET1_     5500          2   28939614   29035806    166      15  261543       1.9233     0.027221
_SET1_     30845         2   31421880   31501260    325      39  246095     -0.56869      0.71522
_SET1_     6801          2   37054841   37228673    437      29  254714       1.3075     0.095521
_SET1_     9167          2   42567640   42631150    117      15  262905    -0.011133      0.50444
_SET1_     129285        2   48632908   48752531    382      29  256028       1.6313     0.051411
_SET1_     9378          2   50135643   51294674   3328     131  261220        4.506   3.3032e-06
_SET1_     6711          2   54648454   54908583    743      37  259412      0.52292      0.30051
_SET1_     10575         2   62085262   62150806    170      24  257815      0.90038      0.18396
_SET1_     4190          2   63780743   63844331    116      12  258216       2.5464    0.0054423
_SET1_     5861          2   65303988   65392435    258      19  253387      0.74509      0.22811
_SET1_     10097         2   65419829   65508387    214      19  260002       2.5926    0.0047624
_SET1_     22848         2   69675127   69936566    520      32  232613     -0.69106      0.75524
_SET1_     5093          2   70278972   70326335     87       6  258690     0.094745      0.46226
_SET1_     119           2   70878334   71030375    501      31  255996      0.02232       0.4911
_SET1_     23233         2   72393113   73088177    967      23  259865       2.7247    0.0032182
_SET1_     94097         2   73159165   73333965    331      22  252356       3.8318   6.3615e-05
_SET1_     10574         2   73426364   73490150    160      21  253693       4.8788   5.3358e-07
_SET1_     150726        2   73471810   73531758     98      24  239239       3.5882   0.00016651
_SET1_     1639          2   74578281   74654214     79       8  254208      0.79254      0.21402
_SET1_     7841          2   74678184   74727537     42       8  249340       1.2175       0.1117
_SET1_     80059         2   76964849   77784502   2745     113  248532        3.151   0.00081362
_SET1_     1496          2   79705060   80885993   3292     236  253647       4.8309   6.7965e-07
_SET1_     8802          2   84640647   84721586    177      13  251493      0.80689      0.20986
_SET1_     10989         2   86361055   86458264    248      15  261635       2.3907    0.0084072
_SET1_     10120         2   98262402   98315561     62      10  248065      0.43062      0.33337
_SET1_     151011        2  110290372  110406783    306      21  257963       3.4701   0.00026009
_SET1_     10096         2  114612511  114729131    349      17  261219       2.0525     0.020062
_SET1_     23332         2  122085352  122442052    810      18  254216       2.8385    0.0022664
_SET1_     274           2  127795599  127899903    405      36  252773       1.3414     0.089897
_SET1_     785           2  152679285  152990593    677      36  256916      0.24645      0.40267
_SET1_     114793        2  153156684  153516348   1051      61  259152       1.8987     0.028802
_SET1_     2820          2  157256965  157452915    351      24  252641       5.8285   2.7959e-09
_SET1_     8502          2  159278476  159547941    876      33  256518      0.80004      0.21184
_SET1_     10213         2  162129786  162278228    212      20  258184        3.408   0.00032725
_SET1_     8604          2  172629915  172785816    345      24  257842       1.3508     0.088386
_SET1_     11069         2  173565525  173927621   1000      83  254309      0.36911      0.35602
_SET1_     8575          2  179286141  179350958     84      14  257918     0.046097      0.48162
_SET1_     10787         2  183779579  183938586    385      25  258294     -0.24357      0.59622
_SET1_     2744          2  191710547  191840278    206      19  260103     -0.22758      0.59001
_SET1_     57520         2  197053971  197493416   1158      63  256698     -0.82337      0.79485
_SET1_     3329          2  198341308  198399998     53       9  257226       2.0814     0.018698
_SET1_     10152         2  204157597  204306892    208      28  252172       1.9114     0.027979
_SET1_     4719          2  206977803  207059243    189      15  260586      0.91857      0.17916
_SET1_     8745          2  207273268  207495854    433      48  256524      0.50397      0.30714
_SET1_     4133          2  210253733  210608842    865      33  257926       1.2294      0.10946
_SET1_     10314         2  211285973  211377347    199      17  260774       3.0581    0.0011135
_SET1_     10109         2  219046817  219129071    138      13  254143      -0.3492      0.63653
_SET1_     7277          2  220104433  220154330    105      13  243703      0.30221      0.38125
_SET1_     2043          2  222272747  222472010    452      47  253820       1.3498     0.088548
_SET1_     10056         2  223426162  223555827    340      26  257435      0.84703      0.19849
_SET1_     2181          2  223690732  223818119    317      22  261613       1.4289     0.076516
_SET1_     55619         2  225619807  225942330    821      55  258456       1.5903     0.055884
_SET1_     547           2  241643181  241794725    417      44  245263        1.111      0.13328
_SET1_     3069          2  242156682  242290116    363      31  248045       4.1028   2.0407e-05
_SET1_     4735          2  242219723  242303442    226      26  252573       3.9449    3.991e-05
_SET1_     9901          3    9012275    9326369    947     120  249803       1.3727     0.084923
_SET1_     10093         3    9799082    9858789    118      19  255549     -0.63079      0.73591
_SET1_     491           3   10355707   10768131   1410     124  249387      0.87976      0.18949
_SET1_     6854          3   12147150   12243532    233      23  261081         2.23     0.012874
_SET1_     9922          3   12928542   13149652    688      80  253927      0.89409      0.18564
_SET1_     5868          3   19953572   20036667    284      25  262622       1.3554     0.087647
_SET1_     51143         3   32557463   32647373    254      29  246511       0.2885      0.38648
_SET1_     23122         3   33527737   33794705    409      30  257346     0.014597      0.49418
_SET1_     57599         3   39058477   39148155    258      20  256539     -0.36323      0.64178
_SET1_     1499          3   41201401   41291939    125      14  253025       5.3719   3.8956e-08
_SET1_     84892         3   43110721   43182575    159      22  259230     -0.17092      0.56786
_SET1_     22908         3   45695754   45796901    283      17  263401     0.043355      0.48271
_SET1_     22907         3   47809399   47901686     85      12  253479       2.2957     0.010845
_SET1_     4134          3   47882180   48165769    279      15  253369       2.5477    0.0054223
_SET1_     7384          3   48626432   48682391     53      10  249094       5.9096   1.7147e-09
_SET1_     51517         3   48690419   48758366     90       8  258471        5.945   1.3822e-09
_SET1_     5576          3   48774017   48920270    107      12  257726       4.6784   1.4453e-06
_SET1_     387           3   49386569   49484526    153      15  261068       8.7166   1.4329e-18
_SET1_     8927          3   49556922   49718982    205      19  261014       9.4251   2.1479e-21
_SET1_     79012         3   49885414   49942655     61       9  262355       9.0148   9.8615e-20
_SET1_     2771          3   50229120   50306786    107      20  232907       4.6845   1.4033e-06
_SET1_     9254          3   50390230   50575892    314      20  246270       4.7743   9.0185e-07
_SET1_     1795          3   50677672   51431629   1241      19  259027       2.4734    0.0066919
_SET1_     55799         3   54121620   55118584   2837     211  248730       4.4387   4.5252e-06
_SET1_     26059         3   55532336   56537391   2883     111  256691       1.6599     0.048471
_SET1_     5162          3   58403357   58454579    178      17  263738     -0.48041      0.68453
_SET1_     8618          3   62374021   62896064   1819     105  252745       2.8253    0.0023617
_SET1_     9868          3  100072303  100155242    161      25  253448        1.177      0.11959
_SET1_     6152          3  101389934  101440564     75      10  259868      0.24115      0.40472
_SET1_     29114         3  111682586  111742735    292      28  257610    -0.065554      0.52613
_SET1_     523           3  113430866  113540905    128       6  258610      0.72383      0.23458
_SET1_     2596          3  115307151  115450334    367      74  236997       -1.173       0.8796
_SET1_     4045          3  115511210  116199385   1582      86  256717      0.19217       0.4238
_SET1_     2932          3  119530800  119848264    502      37  259011       1.8542     0.031854
_SET1_     8997          3  123778558  124450036   2026     101  254212        4.765   9.4446e-07
_SET1_     5361          3  126672437  126766235    306      23  254312       1.5075     0.065839
_SET1_     6184          3  128328813  128404719    215      19  260630       1.1357      0.12805
_SET1_     7879          3  128409975  128543641    370      24  253910       1.1986      0.11535
_SET1_     23317         3  132101361  132267876    362      32  254397       4.6035   2.0771e-06
_SET1_     58477         3  133467877  133550336    200      26  256027     0.011489      0.49542
_SET1_     51560         3  133533079  133649691    336      55  241035       1.6705     0.047407
_SET1_     6747          3  156247929  156307973    191      17  260848     0.040241      0.48395
_SET1_     59345         3  179103876  179204371    216      36  250029       1.4783     0.069669
_SET1_     1173          3  183857634  183911879    101      17  259654       3.6336   0.00013975
_SET1_     5708          3  183981886  184036842    102      19  259982       1.5928     0.055605
_SET1_     1974          3  186466361  186517686    137      33  238103     -0.24545      0.59694
_SET1_     4976          3  193275933  193425600    364      18  261504     0.071801      0.47138
_SET1_     1739          3  196759431  197061171    760      31  258456       1.8231     0.034146
_SET1_     1487          4    1195228    1277908    241      26  255457      0.65672      0.25568
_SET1_     3954          4    1803206    1892974     88      26  230312        1.474     0.070237
_SET1_     118           4    2810454    2941803    282      36  249865       2.7769    0.0027444
_SET1_     1400          4    5812491    5929785    452      62  252567      0.30493      0.38021
_SET1_     84448         4    7957037    8195559    811     119  243537      0.32799      0.37146
_SET1_     7345          4   41223898   41280446    174      22  257660       1.5824     0.056773
_SET1_     10396         4   42400390   42694122    978      49  258340       1.1388      0.12738
_SET1_     55763         4   56684802   56781244    226      28  258404      0.68009      0.24822
_SET1_     23284         4   62031949   62948168   1892     130  256347      0.52459      0.29993
_SET1_     22902         4   71535647   71684336    379      14  245087     -0.22566      0.58927
_SET1_     8671          4   72018003   72447804    784      49  247982       2.8074    0.0024971
_SET1_     55752         4   77835895   77971307    331      32  256719      0.83634      0.20148
_SET1_     5910          4   99147527   99375012    462      19  252480     -0.54907      0.70852
_SET1_     5530          4  101934587  102303655    787      46  258482       1.4584     0.072362
_SET1_     817           4  114362188  114718669    860      71  254510       1.4708     0.070678
_SET1_     22824         4  128668453  128765228     99      12  250479     -0.23322      0.59221
_SET1_     166614        4  150964426  151188609    616      36  258174       1.2504      0.10557
_SET1_     2891          4  158106736  158297227    288      24  257223       2.1725     0.014909
_SET1_     9693          4  159990224  160291314    492      38  257153       2.4501    0.0071402
_SET1_     133121        4  184999859  185174114    569      67  245419      0.74513       0.2281
_SET1_     291           4  186029417  186081538    134      20  239759       0.2107      0.41656
_SET1_     8470          4  186496598  186912870   1601     154  249563       2.0327     0.021041
_SET1_     133957        5     194875     253333    320      13  253039     -0.83758      0.79887
_SET1_     11336         5     408305     477414    311      18  247362      0.73108      0.23237
_SET1_     11076         5     649977     728510    147      19  244740      0.14814      0.44112
_SET1_     22948         5   10215041   10276501    255      23  254172       1.4265     0.076863
_SET1_     1501          5   10961952   11939155   2672     199  246628       3.4859   0.00024528
_SET1_     7204          5   14108817   14520313    960      55  258564      0.60431      0.27282
_SET1_     1008          5   24477209   24680085    641      46  252622      0.17855      0.42915
_SET1_     6507          5   36571457   36698436    346      58  240263      0.82228      0.20546
_SET1_     115827        5   57842950   58165221    924      68  255731       3.9632   3.6971e-05
_SET1_     3796          5   61566989   61693011    275      16  260805       3.2126   0.00065772
_SET1_     4131          5   71368118   71515397    356      56  250650      0.31241      0.37737
_SET1_     9456          5   78659647   78844659    422      34  249897     -0.90788      0.81803
_SET1_     5924          5   80221491   80535981    891      94  255335       2.4621    0.0069055
_SET1_     1462          5   82732493   82888122    354      51  252743       1.0722      0.14182
_SET1_     1404          5   82924017   83051896    318      44  232553      0.87961      0.18954
_SET1_     1176          5  115142303  115259778    208      35  246586     0.055467      0.47788
_SET1_     3295          5  118753138  118888030    344      24  251921      0.89775      0.18466
_SET1_     6558          5  127384483  127535380    203      15  260915     -0.38042      0.64818
_SET1_     51735         5  130749614  131005929    334      12  258745        3.088    0.0010075
_SET1_     23305         5  131275666  131382761    164      16  260172       1.9813     0.023777
_SET1_     11127         5  132018323  132108265    139       9  249682       2.8519    0.0021729
_SET1_     23176         5  132076509  132148976    105      10  233465       3.2147    0.0006529
_SET1_     3308          5  132352662  132450709    268      17  249919      0.43173      0.33297
_SET1_     7416          5  133297566  133376300    174      24  258271       1.2162      0.11196
_SET1_     3313          5  137880571  137946318    123      13  257375       2.4326     0.007495
_SET1_     1495          5  138054075  138280723    353       7  260282      0.13533      0.44618
_SET1_     5813          5  139458708  139509001     40       7  257420       2.9622    0.0015271
_SET1_     23092         5  142114881  142618572   1196      95  244075       1.1147      0.13249
_SET1_     57528         5  143515437  143868097    640      26  257677       3.4365   0.00029465
_SET1_     1809          5  146760371  146924619    195      32  254077    -0.072941      0.52907
_SET1_     22885         5  148486054  148650002    399      33  254939       1.1262      0.13005
_SET1_     815           5  149589054  149704403    253      41  249722       1.8294     0.033669
_SET1_     6208          5  149812712  149864351    154      18  237226      0.86332      0.19398
_SET1_     11346         5  149945642  150048792    224      30  242292      0.18458      0.42678
_SET1_     51164         5  150078309  150173657    168       7  254928      0.48829      0.31267
_SET1_     2890          5  152835084  153203429   1237      81  257717       2.4808     0.006554
_SET1_     26999         5  156658091  156832606    518      32  262881       2.6815     0.003665
_SET1_     2554          5  161239197  161336965    244      25  260946     -0.82737      0.79599
_SET1_     4869          5  170779652  170847888    192      17  260582       2.4942    0.0063114
_SET1_     1212          5  175809456  175878570    132      25  257164      -0.3469      0.63567
_SET1_     114787        5  176012803  176079339     98      23  247562     -0.33976      0.63298
_SET1_     1627          5  176873613  176935694     67      14  234769       6.4558   5.3817e-11
_SET1_     55770         6     475138     728141    850      58  254421      0.32826      0.37136
_SET1_     7280          6    3143900    3192783    150      19  235431      -1.0297      0.84842
_SET1_     347733        6    3214495    3262968    123      10  244096     -0.46496      0.67902
_SET1_     51299         6    5988232    6042838    224      32  255192        1.526     0.063504
_SET1_     221692        6   12681888   13300476   1523      81  255726       1.2235      0.11057
_SET1_     10486         6   17358447   17568023    567      55  237620       1.3194     0.093519
_SET1_     29993         6   34398838   34513000    294      42  246378       1.6809      0.04639
_SET1_     4736          6   35401178   35448558    171      28  249052     -0.32744      0.62833
_SET1_     23787         6   36925911   36989327    232      36  252322      0.68411      0.24695
_SET1_     23500         6   39725159   39882653    483      56  239032       2.5078    0.0060751
_SET1_     221424        6   43464703   43513081     70       9  254291       1.2952     0.097626
_SET1_     3326          6   44178903   44231625    139      30  250946       1.3239     0.092766
_SET1_     22999         6   72561406   73122845   1368      50  258568      0.81939      0.20628
_SET1_     1915          6   74215473   74265755    118      14  254101     -0.86601      0.80676
_SET1_     4646          6   76423893   76639254    478      29  233285       4.5183   3.1162e-06
_SET1_     9892          6   84252604   84454127    354      30  255609     -0.90594      0.81752
_SET1_     4907          6   86124302   86215509    192      13  262208       2.0475     0.020306
_SET1_     10492         6   86307502   86388568    102      17  257563       3.3312   0.00043239
_SET1_     23376         6   96934702   97013152    149      17  257491     -0.23317      0.59219
_SET1_     8936          6  110411022  110536219    288      13  254644        1.792     0.036564
_SET1_     2534          6  111971535  112229655    679      40  252392     -0.16311      0.56478
_SET1_     2697          6  121721745  121780873    222      25  253156    -0.087927      0.53503
_SET1_     2037          6  131150487  131419462    816      33  258864        2.418    0.0078026
_SET1_     8417          6  132768663  132869337    299      33  244522      0.60361      0.27305
_SET1_     134957        6  147490494  147721612    354      25  251063     -0.66303      0.74634
_SET1_     23345         6  152432819  152993534   1761     121  256005       1.2924     0.098116
_SET1_     7430          6  159176773  159275456    356      22  258988     -0.79588      0.78695
_SET1_     6950          6  160189530  160247135    177      18  262085      -1.1424      0.87336
_SET1_     9444          6  163800675  164009628    401      25  259734       0.3183      0.37513
_SET1_     6624          7    5597436    5656287    216      38  251741       1.0168      0.15462
_SET1_     9265          7    6191407    6347242    430      36  246132       3.7317   9.5107e-05
_SET1_     5879          7    6379126    6453598    299      27  248682       2.7203    0.0032616
_SET1_     4697          7   10961580   11014813    168      28  254626       1.5273     0.063337
_SET1_     51678         7   24578007   24743322    494      16  258035      0.15791      0.43726
_SET1_     989           7   35805596   35956715    264      12  253337      0.52678      0.29917
_SET1_     273           7   38413297   38706167   1200      77  255860       2.3552    0.0092561
_SET1_     5898          7   39628152   39757723    293      24  256210       3.8007   7.2147e-05
_SET1_     816           7   44246749   44400230    364      39  251787       1.0126      0.15562
_SET1_     4967          7   44611104   44758669    310      23  251034       3.0284    0.0012292
_SET1_     5478          7   44801241   44852716    116      17  256243       4.7079   1.2514e-06
_SET1_     55915         7   55398141   55511435    345      18  261553       2.1846     0.014458
_SET1_     2631          7   55997270   56077875    217      27  260205      0.51715      0.30253
_SET1_     6804          7   73103535   73169032    109      25  248889     -0.28485      0.61212
_SET1_     7461          7   73668805   73830273    307      20  245601      0.16117      0.43598
_SET1_     4191          7   75642182   75706826    148      15  257340       1.2609      0.10367
_SET1_     7532          7   75946108   76023342    190      25  253126       1.1674      0.12153
_SET1_     9863          7   77636374   79118121   5176     268  254267       3.7649   8.3298e-05
_SET1_     2770          7   79729140   79858725    312      43  251557        1.463     0.071738
_SET1_     781           7   81565760   82108031   1599     112  254176       1.4828     0.069062
_SET1_     27445         7   82373321   82827197   1187      60  255149       1.2019       0.1147
_SET1_     55607         7   94501949   94935727    697      37  246239       2.5167    0.0059237
_SET1_     1780          7   95366818   95749634    965      86  254831       1.7508     0.039994
_SET1_     10165         7   95739532   95986459    297      14  255565     -0.71827       0.7637
_SET1_     22853         7   97701197   97848945    399      24  252731       1.7434     0.040628
_SET1_     81628         7  100054142  100111902     72       8  260193        2.598    0.0046887
_SET1_     2783          7  100236363  100286792     79      16  252972       1.0218      0.15344
_SET1_     1174          7  100762685  100814557    136      26  252352       1.4309     0.076235
_SET1_     5577          7  106650178  106812256    347      28  258123       2.7719    0.0027866
_SET1_     4897          7  107778071  108131841   1147      50  260729       2.4733    0.0066926
_SET1_     9732          7  111356164  111881462   1191     137  247681       2.1417     0.016108
_SET1_     830           7  116467533  116569315    153      17  257499       2.2288     0.012913
_SET1_     5803          7  121478159  121712090    524      37  257918      0.31562      0.37615
_SET1_     381           7  127193406  127241759    110      19  259631       6.6638   1.3341e-11
_SET1_     27044         7  127257043  127742659    743      37  257530       7.1871   3.3079e-13
_SET1_     9296          7  128467857  128515903    140      18  256051       1.6339     0.051137
_SET1_     91584         7  131798091  132368447   1675     139  251581       5.2072   9.5866e-08
_SET1_     54927         7  132459623  132801839    654      29  252610       4.5811   2.3129e-06
_SET1_     60412         7  132902823  133760514   1454      42  260284       8.8836   3.2351e-19
_SET1_     5764          7  136902088  137063606    416      55  253648    -0.054202      0.52161
_SET1_     55750         7  141216078  141364209    224      14  248238      0.65943      0.25481
_SET1_     26047         7  145778453  148128090   7822     301  255144       2.5862    0.0048525
_SET1_     1020          7  150740899  150790052    104      18  260321     -0.20216       0.5801
_SET1_     10049         7  157094692  157220133    498      45  240922      0.93702      0.17437
_SET1_     9228          8     842021    1666642   3720     207  251704       2.3121     0.010385
_SET1_     526           8   20019704   20089207    204      34  250262     -0.56697      0.71463
_SET1_     2675          8   21539530   21707392    350      62  237221       1.9729     0.024252
_SET1_     2039          8   21871660   21950036    230      31  237435       0.6115      0.27043
_SET1_     203190        8   21994343   22049344    123      20  238553     -0.37613      0.64659
_SET1_     4747          8   24798468   24849383    157      15  258935     -0.36196      0.64131
_SET1_     1808          8   26336709   26525693    773      40  259257       2.8846    0.0019597
_SET1_     11160         8   37558743   37625319     32      15  244314     -0.44824      0.67301
_SET1_     286           8   41500744   41789280    794      76  247809       3.0488    0.0011487
_SET1_     10947         8   41975464   42038701    138      15  223651       1.7398     0.040949
_SET1_     7419          8   42214279   42273455    118      18  239027      0.95273      0.17036
_SET1_     7336          8   48885966   48987268     49      11  253652       1.3852        0.083
_SET1_     51606         8   54618103   54791099    210      15  241028      0.50468      0.30689
_SET1_     4067          8   56757386   56935006    523      39  258374    -0.090967      0.53624
_SET1_     6386          8   59430566   59505419    171      12  248631     -0.10753      0.54281
_SET1_     6129          8   74192874   74240869    112      15  262605     -0.43616      0.66864
_SET1_     54332         8   75227618   75289345    169      22  258432      0.37972      0.35208
_SET1_     92140         8   98621375   98752488    253      16  258744      0.48101      0.31525
_SET1_     6156          8   99043938   99092818    109      20  253415    -0.058687       0.5234
_SET1_     26986         8  101705144  101769969    130      11  259208       3.1522   0.00081031
_SET1_     7534          8  101920804  102000717    171      18  255275     -0.52238       0.6993
_SET1_     528           8  103998248  104095285    300      23  260909     -0.12909      0.55136
_SET1_     9694          8  109420853  109509136    268      14  261946       1.9471      0.02576
_SET1_     114569        8  120185610  120267913    204      33  251363       1.4723     0.070477
_SET1_     51571         8  130841839  131063897    425      41  259084        2.719    0.0032737
_SET1_     83696         8  140730324  141503678   2135     170  251358        2.039     0.020724
_SET1_     575           8  143510377  143636369    274      41  249987       6.7269   8.6664e-12
_SET1_     4062          8  144229331  144277053    127      18  247397     -0.56445      0.71378
_SET1_     1936          8  144651867  144714845    191      23  257578      0.51958      0.30168
_SET1_     65263         8  144676083  144726784    138      25  253266       1.4706     0.070705
_SET1_     23513         8  144863090  144932890    125      19  248100       1.1372      0.12773
_SET1_     80728         8  145744563  145873891    209      18  233946       2.4438    0.0072675
_SET1_     6132          8  146005152  146052805    133      13  246305      0.82097      0.20583
_SET1_     6456          9   17543953   17807122   1117      63  254974       1.0381      0.14961
_SET1_     3301          9   32990209   33049905    254      11  264327      0.75045      0.22649
_SET1_     11258         9   34603542   34655520     88      15  260212       1.1079      0.13396
_SET1_     7415          9   35046065   35107739    112      16  257360       3.6898   0.00011222
_SET1_     152007        9   36101730   36173910    204      33  251694    -0.015364      0.50613
_SET1_     1211          9   36155853   36222059    175      23  262229       1.3193     0.093529
_SET1_     9414          9   71679875   71880124    714      54  259129     -0.74684      0.77242
_SET1_     3190          9   86572998   86630692     81      13  258109       3.5988   0.00015987
_SET1_     549           9   93966097   94159215    477      28  250015      0.44554      0.32797
_SET1_     7111          9  100228462  100377177    330      52  244007       1.7006     0.044506
_SET1_     9568          9  101040364  101506479   1607     137  250229       1.3001     0.096782
_SET1_     51552         9  123930415  123999365    136      23  255697      0.46415      0.32127
_SET1_     11224         9  127610158  127659240     83      12  246391       1.2917     0.098222
_SET1_     286205        9  127694887  127940838    406      23  254304       1.0025      0.15805
_SET1_     3309          9  127987127  128038666     67      10  258007       1.7329     0.041559
_SET1_     6136          9  130199953  130248711    101       8  262597      0.83597      0.20159
_SET1_     6812          9  130339486  130464995    142      21  257507       1.1458      0.12595
_SET1_     1759          9  130930634  131027528    189      23  253680     -0.96226      0.83204
_SET1_     6709          9  131279837  131405944    141      12  253466      0.44249      0.32907
_SET1_     56262         9  131609391  131690318    155      14  250260      -1.1756      0.88011
_SET1_     6130          9  136180069  136228280    154      22  256530     -0.18963       0.5752
_SET1_     10439         9  137932089  138023030    459      56  254698      0.53077      0.29779
_SET1_     2902          9  139998609  140073214    128      25  240804       3.1868   0.00071918
_SET1_     10383         9  140100711  140148159    106      20  231387      0.53434      0.29655
_SET1_     22884        10    1060423    1188237    372      34  253057      0.68006      0.24823
_SET1_     5214         10    3074667    3188997    655      77  252433      -1.2022      0.88536
_SET1_     7431         10   17234934   17289592    157      22  245501     -0.15297      0.56079
_SET1_     5305         10   22813766   23038503    654      36  253716       4.3265   7.5752e-06
_SET1_     56243        10   23948675   24846772   2382     132  251423       3.6456   0.00013337
_SET1_     57584        10   24862538   25047597    276      20  258609       2.8889     0.001933
_SET1_     57512        10   25429290   25901158   1702      66  256363       3.8232   6.5865e-05
_SET1_     10006        10   27025525   27185016    502      25  250159      0.60414      0.27288
_SET1_     3799         10   32287938   32380371    217      22  260175       2.0261     0.021375
_SET1_     219771       10   35500953   35870848    533      26  257461       3.0087     0.001312
_SET1_     55753        10   50932687   51005425    185      19  253255       2.1447     0.015987
_SET1_     55847        10   59993862   60060752    229      11  259457      -1.3481      0.91119
_SET1_     288          10   61776056   62528284   2212      86  260205       1.2002      0.11503
_SET1_     3098         10   70994740   71171638    584      73  249113      0.45832      0.32336
_SET1_     5532         10   75186563   75290782     91      12  245367     0.068773      0.47259
_SET1_     9632         10   75469039   75541933     87      10  252169       2.5596    0.0052389
_SET1_     818          10   75562259   75669349    151      15  250778       3.1704   0.00076115
_SET1_     7417         10   76934912   77001206    138      23  256688       1.8354     0.033226
_SET1_     2746         10   88799959   88889776    189      20  258128        2.204     0.013761
_SET1_     84896        10   89501608   89636111    228      19  255612      0.92253      0.17813
_SET1_     9211         10   95482566   95567916    232      41  253568      0.38152      0.35141
_SET1_     10580        10   97061530   97356171   1007      75  257415        5.675   6.9344e-09
_SET1_     5223         10   99151027   99203198    132      14  259359       2.5812     0.004923
_SET1_     401647       10   99574995   99641335    148      26  242207       1.1125      0.13296
_SET1_     55118        10   99614757   99825585    348      45  250177       2.3061     0.010553
_SET1_     4714         10  102273497  102324640    110       4  260028       1.4913     0.067943
_SET1_     81855        10  102755996  102810998    105      31  242017      0.55951      0.28791
_SET1_     10121        10  104228986  104297580    176      10  263676        2.061     0.019654
_SET1_     9118         10  105001919  105060108    101      16  247234       3.5093   0.00022461
_SET1_     9644         10  105343784  105650195    741      76  255349       3.3885   0.00035132
_SET1_     120          10  111730627  111905323    380      21  231990       2.2669     0.011698
_SET1_     3983         10  116180869  116479762    778      65  253482    -0.079073      0.53151
_SET1_     259217       10  118420703  118644693    510      49  255469       2.1231     0.016872
_SET1_     1793         10  128733965  129260780   1787     127  246905       1.5075     0.065837
_SET1_     3632         10  134316283  134606984    834      38  248995      0.20455      0.41896
_SET1_     79751        11     780475     833269    142      24  246921      0.81346      0.20798
_SET1_     161          11     890809    1022245    335      15  259924       1.9111     0.027995
_SET1_     54472        11    1285598    1365892    233      32  259690       3.5859   0.00016799
_SET1_     9024         11    1376129    1493919    562      47  253665       2.7481    0.0029974
_SET1_     391          11    3838208    3897213    136      25  244221        1.378     0.084106
_SET1_     10612        11    6459843    6530689    140      18  257024       1.1711      0.12079
_SET1_     22800        11   14289466   14421052    152      26  259030       1.9054     0.028367
_SET1_     6207         11   17085939   17134220     97      17  253795       2.4231    0.0076939
_SET1_     7251         11   18491858   18583503    243      22  260416      -1.0835       0.8607
_SET1_     55327        11   27505965   27563326     78      10  249934     -0.68077      0.75199
_SET1_     25758        11   33528877   33705648    408      37  254440      0.55286      0.29018
_SET1_     8050         11   34902677   35027675    560      16  263541      -1.2424      0.89296
_SET1_     6506         11   35262752   35476610    624      46  258022     -0.92282      0.82195
_SET1_     9793         11   46755084   46902859    218      22  256723       4.3753   6.0633e-06
_SET1_     4722         11   47565562   47616115     62      15  257873       5.8423   2.5742e-09
_SET1_     23788        11   47628858   47699206     84      13  259418       4.9557   3.6041e-07
_SET1_     349667       11   57192926   57254384     87      14  252524       1.5578     0.059634
_SET1_     1500         11   57485756   57596652    113      13  260494       3.9091    4.633e-05
_SET1_     9066         11   61271188   61383523    138      18  240635       4.6397   1.7444e-06
_SET1_     1937         11   62317073   62376460     73       9  250085       1.7939     0.036411
_SET1_     2785         11   62440066   62486678     57       7  253188      0.28366      0.38834
_SET1_     2011         11   63571400   63688492    167      19  248987      0.16257      0.43543
_SET1_     25824        11   64050347   64099295     67      17  238758       1.8745     0.030429
_SET1_     1072         11   65612282   65660804     87      11  259451       1.3171     0.093899
_SET1_     55690        11   65802747   66022218    340      18  261164     -0.17206       0.5683
_SET1_     64837        11   65989765   66045332     82      14  258526      0.45131      0.32588
_SET1_     81876        11   66001056   66054963     76      12  261219      0.25272      0.40024
_SET1_     6712         11   66439967   66531716     71      21  256893       1.9632     0.024811
_SET1_     5499         11   67155652   67204376     93      17  245348     -0.74363      0.77145
_SET1_     4723         11   67339323   67390012    132      12  260004     -0.80889      0.79071
_SET1_     8500         11   70081806   70240607    320      19  255667      0.17223      0.43163
_SET1_     22941        11   70303961   70970808   1757     151  251393    -0.069124      0.52755
_SET1_     55004        11   71795371   71849433    141      11  252836    -0.029698      0.51185
_SET1_     5138         11   72277184   72420497    379      36  258902       3.7091   0.00010399
_SET1_     6188         11   75075535   75143346    151      22  261192       -0.558      0.71158
_SET1_     4135         11   75287959   75414479    244      23  248195      0.87361      0.19116
_SET1_     726          11   76742992   76847201    284      42  243164      0.19783      0.42159
_SET1_     5058         11   77023060   77220108    481      27  242296        1.183       0.1184
_SET1_     1740         11   83156055   85373314   5695     174  257846       3.2203   0.00064039
_SET1_     2893         11  105445800  105862819    810      46  255169       5.8683   2.2013e-09
_SET1_     38           11  107957258  108028895    129      20  258310       1.3474     0.088931
_SET1_     5962         11  110035605  110202437    261      20  254717       1.8351     0.033245
_SET1_     1737         11  111860538  111945002    107      10  245133      0.04207      0.48322
_SET1_     4684         11  112796969  113159158    985      65  253595       5.6035   1.0501e-08
_SET1_     23187        11  118442213  118538748    153      21  253311      0.24695      0.40247
_SET1_     1656         11  118608472  118696972    184      18  258208    -0.036716      0.51464
_SET1_     6230         11  118876422  118924057    112      15  248820     -0.49907      0.69113
_SET1_     55823        11  118903493  118962688    106      11  253928     -0.20559      0.58145
_SET1_     3312         11  122918200  122968074    184      18  257290     0.083424      0.46676
_SET1_     6734         11  126122814  126173877    128      19  261987     -0.13483      0.55363
_SET1_     50863        11  131205371  132216716   2996     252  251151       4.4505   4.2833e-06
_SET1_     4978         11  132274875  133437403   3655     290  250396        3.932   4.2119e-05
_SET1_     23085        12    1065404    1615099   1719      61  252893       2.6107    0.0045173
_SET1_     8079         12    6847158    6897721    144      21  254137     0.062363      0.47514
_SET1_     7167         12    6941288    6990110      8       3  251079       1.2954     0.097588
_SET1_     2026         12    6988614    7042860      3       1  252996       1.3864     0.082808
_SET1_     2904         12   13703684   14168022   1404      95  256535        1.481     0.069301
_SET1_     3945         12   21778275   21845789    101       6  257191     0.085595      0.46589
_SET1_     3845         12   25348180   25438870    276      34  254123     -0.82357      0.79491
_SET1_     10059        12   32797134   32908584    384      10  262136       1.9226     0.027263
_SET1_     225          12   39935022   40048843    224      32  258750       2.7792    0.0027246
_SET1_     1272         12   41051244   41476214   1326      62  255794      0.81106      0.20867
_SET1_     5756         12   44177526   44235178    124      22  256900      -1.2186       0.8885
_SET1_     5213         12   48464656   48550187    225      22  261640       1.2147      0.11224
_SET1_     784          12   49173215   49232726    101      18  258451       4.2929   8.8169e-06
_SET1_     377          12   49319987   49386309    143      13  260985       3.5237    0.0002128
_SET1_     7846         12   49568578   49618107     80      13  251212       3.7307   9.5486e-05
_SET1_     51474        12   50559563   50712353    187      10  259457        1.693     0.045225
_SET1_     57609        12   50863768   51152450    468      19  256001        1.239      0.10768
_SET1_     5094         12   53810886   53884946     91      12  254293       4.0993   2.0719e-05
_SET1_     4637         12   56517045   56565366     46      17  243481       3.1524   0.00080967
_SET1_     1431         12   56655483   56729175    104       8  254592     -0.37418      0.64587
_SET1_     506          12   57021959   57074852    100      12  253651       1.6808     0.046398
_SET1_     4035         12   57487282   57617142    180      30  253109       4.3038   8.3962e-06
_SET1_     10540        12   57913833   57976114     78      12  253210      0.42684      0.33475
_SET1_     116986       12   58107544   58170984     67      11  257383        3.554    0.0001897
_SET1_     55832        12   67628061   67718388    299      21  259593        1.024      0.15291
_SET1_     10576        12   69944206   70020595    181      20  257080       2.1344     0.016403
_SET1_     6857         12   79222773   79855788   1408      74  253660       3.1727   0.00075517
_SET1_     8825         12   81181171   81366702    516      35  259194       0.7351      0.23114
_SET1_     8499         12   81642045   82188109   1280      65  255752        2.624    0.0043453
_SET1_     490          12   89971826   90138130    254      26  260937       -1.108      0.86606
_SET1_     7334         12   93792088   93871026    170      27  245814      0.47347      0.31794
_SET1_     5250         12   98952403   99005778    141      30  255474        0.196      0.42231
_SET1_     56899        12   99118569  100413512   3094     176  253402        4.726    1.145e-06
_SET1_     7184         12  104289112  104351708    275      29  260366       0.8682      0.19264
_SET1_     10970        12  106621659  106676713    163      35  243880      0.59978      0.27433
_SET1_     23603        12  109028885  109160326    234      24  253533       4.1182   1.9092e-05
_SET1_     488          12  110684032  110798898    128      22  256094       4.6681   1.5196e-06
_SET1_     10094        12  110862695  110923222     93      11  257233       4.0983   2.0812e-05
_SET1_     22895        12  113194343  113346686    297      38  250511       2.0478     0.020289
_SET1_     11113        12  120113595  120350095    570      41  250381       1.6497     0.049498
_SET1_     6175         12  120624502  120674014     58      13  257067       3.2192   0.00064268
_SET1_     8655         12  120872660  120946298    199      20  263360       3.7813   7.8012e-05
_SET1_     9761         12  121089949  121149667    205      34  246940       3.0656    0.0010862
_SET1_     65082        12  122704111  122786068    157      16  241696       3.1233   0.00089406
_SET1_     7316         12  125386192  125434587    165      29  249496      0.69481      0.24359
_SET1_     23504        12  130870681  131235828   1504     169  246248       1.9401     0.026184
_SET1_     10810        13   27096840   27273082    545      27  258916     0.078557      0.46869
_SET1_     10808        13   31700762   31772246    180      18  257288       2.8933    0.0019059
_SET1_     9201         13   36332789   36740514   1231     107  256051       3.2248   0.00063037
_SET1_     8803         13   48506791   48647125    575      27  255515       1.0857       0.1388
_SET1_     4008         13   76159570   76444006    741      63  260409       1.3148      0.09429
_SET1_     115207       13   77444304   77495540    133      27  245489       1.2255      0.11018
_SET1_     10160        13   98759893   99112023   1204     140  249817       1.2921     0.098156
_SET1_     23348        13   99435741   99773660   1049      35  256951       2.3024     0.010657
_SET1_     23256        14   31056460   31215034    353      23  257072      -0.2418      0.59553
_SET1_     10484        14   39491123   39607447    279      22  261919       2.3513     0.009354
_SET1_     54331        14   52292022   52446518    639      70  248380       2.5475    0.0054254
_SET1_     10640        14   57659194   57770726    116      12  245799     -0.99189      0.83937
_SET1_     23002        14   59620329   59848123    653      40  260831       2.9355    0.0016652
_SET1_     5529         14   63829838   64045095    547      33  253571       1.4595     0.072212
_SET1_     4522         14   64819754   64936725    297      30  255327       2.8329    0.0023062
_SET1_     3306         14   64972186   65019955    133      15  261674       1.5292     0.063111
_SET1_     6710         14   65203001   65381604    664      45  258592    0.0099489      0.49603
_SET1_     10243        14   66939125   67658525   2079      19  248148     -0.96564      0.83289
_SET1_     1965         14   67792034   67863233    208      17  247610     -0.13298       0.5529
_SET1_     51382        14   67794581   67861720    192      16  247778     -0.13477       0.5536
_SET1_     87           14   69330840   69481083    542      53  257576       2.0479     0.020285
_SET1_     26037        14   71753108   72217761    585      27  254803      0.94151      0.17322
_SET1_     1743         14   75313594   75380450    149      15  261404      0.79947      0.21201
_SET1_     5700         14   90687894   90748969    153       6  262490      0.54418      0.29316
_SET1_     51466        14  100450719  100620573    449      35  258029      0.52639      0.29931
_SET1_     57596        14  100993484  101071131    158      19  249735      -1.0963      0.86353
_SET1_     1778         14  102395865  102527135    328      25  254326      0.11749      0.45324
_SET1_     3320         14  102537075  102641086    224      23  254798     -0.27776       0.6094
_SET1_     9578         14  103388716  103558742    375      34  251511     -0.30562      0.62005
_SET1_     1152         14  103975995  104024196    115      15  253178       6.8485   3.7314e-12
_SET1_     9529         14  104012881  104064151     97      12  259940       6.0553   7.0065e-10
_SET1_     3831         14  104060525  104177888    265      16  259577       6.1369   4.2079e-10
_SET1_     283638       14  105296650  105373107    215      19  249264    -0.023986      0.50957
_SET1_     23191        15   22857667   23013603    518      74  242891     -0.88917      0.81304
_SET1_     7082         15   29982338   30296038    760      62  252420       1.2984     0.097078
_SET1_     254531       15   34641089   34694397     97      25  243735      0.32827      0.37135
_SET1_     23339        15   42440899   42535524    211      22  227253     0.013736      0.49452
_SET1_     4130         15   43768165   43833818     78       8  261378       2.9754    0.0014628
_SET1_     2923         15   44003326   44074804     92       9  258070       3.7754   7.9866e-05
_SET1_     29767        15   52008758   52118560    284      13  259201       2.8865     0.001948
_SET1_     4644         15   52589480   52856247    789      18  249442      0.62347      0.26649
_SET1_     145773       15   59695372   59825751    364      28  257813       1.0043      0.15763
_SET1_     83660        15   62647769   63146830   1314     121  251804       1.4113     0.079084
_SET1_     6642         15   64351275   64446433    208      19  247447       2.1568     0.015509
_SET1_     5604         15   66644182   66793882    401      25  259752       2.7221    0.0032436
_SET1_     6124         15   66781653   66851870    196      21  261229       2.5968    0.0047046
_SET1_     10391        15   68816614   69030145    593      53  250948      0.42772      0.33443
_SET1_     5315         15   72481370   72558901    138      18  240862      -0.1491      0.55926
_SET1_     9377         15   75202616   75265495    103      14  256064       2.4899    0.0063899
_SET1_     84894        15   77895369   78023490    362      36  254298       1.3915     0.082038
_SET1_     3419         15   78406698   78472884    160      25  258471       1.0683      0.14269
_SET1_     8120         15   83318033   83413660    226      32  259289       4.3423   7.0499e-06
_SET1_     9455         15   83507729   83689905    372      30  256408       2.4899    0.0063897
_SET1_     10239        15   90363831   90472617    220      21  255491     -0.33218      0.63012
_SET1_     10273        16     695115     742768    128      10  257255       1.7386     0.041056
_SET1_     23162        16    1721184    1830318    189      20  254435        2.547    0.0054322
_SET1_     9351         16    2041869    2099027    143      23  248813      -0.3528      0.63788
_SET1_     57524        16    2217184    2281479     91      14  240921      0.27239      0.39266
_SET1_     57465        16    2490146    2565734     68      11  239124     -0.25761      0.60165
_SET1_     10131        16    3698038    3802598    245      46  247502      0.90808      0.18192
_SET1_     2903         16    9837265   10311611   1902      63  259920       6.8093   4.9037e-12
_SET1_     6210         16   18784277   18836656     80       8  258344     -0.40807      0.65839
_SET1_     51704        16   19860293   19932049    152      20  254873     0.043539      0.48264
_SET1_     7385         16   21929609   22004668     56      12  244527     -0.74651      0.77232
_SET1_     7284         16   28843732   28892729     72       4  258718       7.7914   3.3138e-15
_SET1_     9344         16   29950188   30013583     74       9  256721      0.54683      0.29225
_SET1_     226          16   30029411   30091741     68       8  257260     -0.54514      0.70717
_SET1_     11151        16   30159731   30210397     47       8  254879      0.85315      0.19679
_SET1_     112755       16   30990577   31056829     82       9  253271       1.6983     0.044726
_SET1_     10295        16   31084615   31134112     68       8  257364      0.33605      0.36842
_SET1_     55737        16   46683589   46758144     31       4  136235        1.157      0.12364
_SET1_     10294        16   46979274   47042625     54       7  155153      0.49906      0.30887
_SET1_     1540         16   50740961   50845847    174      21  254402      0.90734      0.18211
_SET1_     2775         16   56190251   56401356    514      45  256580       3.1379   0.00085084
_SET1_     51090        16   57280009   57353584    251      36  240264     -0.58717      0.72146
_SET1_     1783         16   66744796   66820526    123       8  259702      0.55002      0.29115
_SET1_     9114         16   67461917   67550089    137      16  221912       1.0002      0.15861
_SET1_     16           16   70276198   70358452     74      20  219617       1.7078     0.043841
_SET1_     9798         16   71893311   71974542    168      17  261826       5.7318   4.9697e-09
_SET1_     2734         16   74471325   74676042    581      25  259819       1.3192     0.093546
_SET1_     1012         16   82625399   83840215   6502     358  254863       3.7594   8.5147e-05
_SET1_     5119         16   89700839   89759193    244      30  245838       2.5451    0.0054626
_SET1_     10381        16   89953417   90012505    206      22  250803       2.1814     0.014578
_SET1_     29           17     896758    1125616    750     110  245362      0.60568      0.27236
_SET1_     7531         17    1237833    1338669    379      33  253705      0.11337      0.45487
_SET1_     4641         17    1357480    1431001    239      39  248549       0.5489      0.29154
_SET1_     50488        17    4701635    4811356    261      23  254964      0.71029      0.23876
_SET1_     8402         17    4830425    4878462     94      18  258017       1.0716      0.14194
_SET1_     1742         17    7083209    7158369    114      22  243381       1.0975      0.13621
_SET1_     57555        17    7276502    7333183    121      28  237764      0.45069      0.32611
_SET1_     9513         17    7484548    7553215    171      17  259288      0.62401      0.26631
_SET1_     482          17    7519254    7571089    164      17  246722       1.0501      0.14683
_SET1_     6844         17    8052465    8101293    101      14  253659       3.7275   9.6698e-05
_SET1_     81565        17    8281447    8381495    183      33  250788      0.41033      0.34078
_SET1_     4628         17    8367523    8569094    301      26  253704       2.4352    0.0074422
_SET1_     8522         17    9803926   10136868   1265     168  245385     -0.61824      0.73179
_SET1_     9912         17   12657829   12904960    841      59  254231      0.95645      0.16942
_SET1_     23164        17   16910790   17105962    439      28  252876       1.3795     0.083875
_SET1_     146691       17   17736822   17910784    265      10  255738       4.2692    9.807e-06
_SET1_     92521        17   19877649   20228072    770      21  250799       2.5467    0.0054367
_SET1_     2319         17   27196356   27259715     71      16  253045        3.885   5.1165e-05
_SET1_     399687       17   27390528   27542432    291      23  256789      0.35337      0.36191
_SET1_     57551        17   27682943   27888921    320      16  259498       3.6101   0.00015305
_SET1_     28964        17   27890487   27951610     67      16  248900       4.2203   1.2197e-05
_SET1_     4974         17   29611668   29659380     58       5  258808       3.0964   0.00097956
_SET1_     55288        17   30434473   30562746    187      10  255215     -0.45771      0.67642
_SET1_     5717         17   30736481   30820337     77      13  252242       2.2724      0.01153
_SET1_     4642         17   30809628   31238902    742      66  249728       1.2536        0.105
_SET1_     57636        17   36549720   36678628    324      40  245577       1.2091      0.11331
_SET1_     80725        17   36676259   36797183    246      33  232969      0.68727      0.24596
_SET1_     8396         17   36911944   36991218    176      25  254296       1.9477     0.025725
_SET1_     3927         17   36991112   37088023    285      46  249406      0.55793      0.28845
_SET1_     782          17   37319709   37388956    107      25  243293       1.2952     0.097631
_SET1_     6143         17   37321536   37370980     84      21  242931       1.6807     0.046408
_SET1_     147179       17   38340556   38448944    180      18  253305       1.9587     0.025077
_SET1_     47           17   40013169   40121795    197      17  260139       1.6831     0.046177
_SET1_     1267         17   40083737   40139754     91      15  256941      0.95901      0.16878
_SET1_     535          17   40575862   40684597    161      19  259143         2.77     0.002803
_SET1_     8506         17   40799632   40862011     70       9  258995       2.6462      0.00407
_SET1_     4355         17   41942727   42022079    217      22  260821       1.3699     0.085362
_SET1_     2670         17   42972994   43027920    164      28  262121       3.8683   5.4807e-05
_SET1_     4137         17   43936702   44115700    902       5  257816       4.7631    9.533e-07
_SET1_     4905         17   44633035   44844830     82       8  250307       4.5206   3.0826e-06
_SET1_     3837         17   45691861   45772037    119      16  252569      0.69118      0.24473
_SET1_     5245         17   47471410   47527267    137      28  246163       2.9457    0.0016113
_SET1_     84687        17   48201101   48262877    101      24  253363      0.20335      0.41943
_SET1_     55379        17   48448594   48509914    193      22  256462       1.4131     0.078807
_SET1_     4830         17   49195920   49249450    143      21  255575       1.3158     0.094119
_SET1_     140735       17   56125780   56177618     81      15  244316        3.298   0.00048695
_SET1_     5414         17   56587611   56653179    115      18  257628       7.0299   1.0333e-12
_SET1_     1213         17   57662050   57784317    185      16  247757       1.5588     0.059527
_SET1_     10672        17   62995407   63087920    122      20  243193      -1.2562      0.89548
_SET1_     5573         17   66472921   66557457    205      27  260040       1.9363     0.026415
_SET1_     23580        17   71269763   71343314    161      32  250543      -1.1857      0.88213
_SET1_     6169         17   72164795   72216019    166      43  241714       3.0543    0.0011281
_SET1_     388419       17   72342555   72392958    126      29  241984      0.26501       0.3955
_SET1_     23265        17   74067086   74134868    182      18  243437      0.12266      0.45119
_SET1_     10801        17   75242492   75506678    821      90  245792      -2.1198      0.98299
_SET1_     4884         17   78430633   78485404    118      28  250395       3.2963   0.00048977
_SET1_     79643        17   78930641   78983933    196      27  246944      0.90914      0.18164
_SET1_     10458        17   78973944   79101232    518      65  236762       4.5443   2.7555e-06
_SET1_     1453         17   80187523   80266594    108      14  244770     -0.28995      0.61407
_SET1_     7525         18     711592     847327    427      34  248149     -0.02444      0.50975
_SET1_     103910       18    3227111    3288282    233      22  252043      0.15837      0.43708
_SET1_     9229         18    3486030    4490310   3107     298  237387       4.8911   5.0142e-07
_SET1_     23136        18    5382380    5665662    803      80  249182      0.16828      0.43318
_SET1_     9218         18    9878955    9970018    259      27  255534       2.0602     0.019692
_SET1_     8774         18   10490873   10562766    200      14  258631     -0.15495      0.56157
_SET1_     10939        18   12318943   12412275    228      25  254613     -0.95342      0.82981
_SET1_     1837         18   32038254   32481808    937      35  257662      0.89576      0.18519
_SET1_     498          18   43654110   43719199    200      18  259179     -0.46663      0.67962
_SET1_     23335        18   54283590   54707036   1131      56  247408       3.0436    0.0011688
_SET1_     4155         18   74680789   74879774    855     119  246219       2.8736     0.002029
_SET1_     5064         19     673953     758330    374      61  238681       3.9775   3.4825e-05
_SET1_     513          19    1206749    1254824    100      17  237775       1.1037      0.13486
_SET1_     374291       19    1348526    1405588    143      24  243661      0.53677      0.29571
_SET1_     2767         19    3059408    3131468    217      40  232491      -0.6513      0.74257
_SET1_     1938         19    3966054    4020477    100      15  247856        0.902      0.18353
_SET1_     5802         19    5195514    5375814    628      88  247639      0.33221      0.36987
_SET1_     10382        19    6484330    6537595     99      31  239202     -0.78216      0.78294
_SET1_     6234         19    8351384    8397280    134      15  257101     -0.97747      0.83583
_SET1_     4701         19    8363492    8421452    221      24  249547      -0.6766      0.75067
_SET1_     4670         19    8474460    8564002    238      27  249085        2.285     0.011156
_SET1_     7087         19   10365655   10417454    113      27  242329       3.2085   0.00066726
_SET1_     1785         19   10793729   10954169    380      33  251768       1.0257      0.15252
_SET1_     2193         19   13023284   13079558     78      14  240523       2.1413     0.016124
_SET1_     773          19   13307256   13652274   1117     123  248069      0.42406      0.33576
_SET1_     22859        19   14248549   14351997    183      32  239239     -0.79264      0.78601
_SET1_     3337         19   14615581   14675087    150      23  239825      -0.2443       0.5965
_SET1_     58513        19   16456055   16617823    320      25  256011     -0.31048       0.6219
_SET1_     376497       19   17546300   17626977    207      25  252115       3.1972   0.00069384
_SET1_     23025        19   17702137   17834123    423      77  238865       1.8085     0.035261
_SET1_     5864         19   18297609   18349874    116      13  259056       3.4758   0.00025467
_SET1_     23770        19   18632568   18689887    110      16  249823      0.48533      0.31372
_SET1_     1463         19   19287773   19373061    198      30  255773       1.1879      0.11743
_SET1_     51079        19   19591550   19649858    109      11  256806      0.73133      0.23229
_SET1_     57130        19   19746007   19809512    162      27  246519      0.98162      0.16314
_SET1_     7386         19   29688167   29739136    130      18  259363       2.3863    0.0085104
_SET1_     4099         19   35747989   35814710    151      23  258129      0.54774      0.29193
_SET1_     115703       19   36231417   36289724    145      20  261437       3.2248   0.00063033
_SET1_     81           19   39103256   39231336    321      22  259969      0.32859      0.37123
_SET1_     57731        19   40938050   41092365    369      57  247113       1.5703     0.058168
_SET1_     9253         19   41161810   41231556    181      28  256510       1.0183      0.15427
_SET1_     6223         19   42328988   42385484     73       6  259288      -0.5048      0.69315
_SET1_     478          19   42460628   42533428     42      15  234124       2.3522    0.0093309
_SET1_     348          19   45374039   45422650    137      29  251977       2.0783     0.018839
_SET1_     57787        19   45719516   45818541    288      24  257194       3.1519   0.00081095
_SET1_     1762         19   46276205   46331060    143      18  257928       1.0981      0.13607
_SET1_     1175         19   47331423   47389203     62      20  249486       2.1249     0.016799
_SET1_     6543         19   47921274   48010307    167      24  250183     0.047822      0.48093
_SET1_     8775         19   47980891   48053515     85      11  254814    -0.040389      0.51611
_SET1_     114783       19   48978528   49051446    145      22  243237      0.90593      0.18249
_SET1_     8541         19   49587646   49664287    191      34  252322      0.95757      0.16914
_SET1_     57030        19   49922655   49980617    112      16  250590       3.4959   0.00023623
_SET1_     6205         19   49964622   50012969    117      13  253726       2.3209     0.010146
_SET1_     160          19   50235180   50320369    166      29  252899       1.2323      0.10893
_SET1_     79784        19   50671885   50823801    592      63  250632       1.5111     0.065375
_SET1_     5518         19   52658055   52739678    312      23  255951     -0.60435       0.7272
_SET1_     5582         19   54350467   54420906    115      24  229441      0.40416      0.34305
_SET1_     84446        19   55758440   55833930    196      30  252023      0.25728      0.39848
_SET1_     729956       19   55930105   55989230    129      35  246475       3.0632    0.0010949
_SET1_     1457         20     453338     559482    218      35  247842        2.388    0.0084699
_SET1_     64601        20    2786373    2857378    175      27  244550     -0.31649      0.62418
_SET1_     9762         20    3133263    3189238    184      30  249651       2.4139    0.0078914
_SET1_     23236        20    8077912    8875547   2445     177  255127       4.8768   5.3902e-07
_SET1_     6616         20   10164477   10298068    312      41  242442       2.1015     0.017798
_SET1_     63908        20   23345156   23437156    276      16  260471      0.53862      0.29508
_SET1_     128866       20   32364110   32452173     96      16  250471       1.2229      0.11069
_SET1_     83658        20   33069193   33138762     63       9  249552      0.90126      0.18372
_SET1_     84557        20   33099688   33158149     60       9  246456      0.77571      0.21896
_SET1_     2036         20   34644426   34830721    203      23  249289       3.4074   0.00032795
_SET1_     22839        20   34960444   35167040    219      34  252881      0.50818      0.30566
_SET1_     6714         20   35938088   36043835    251      36  248120      0.43823      0.33061
_SET1_     57148        20   37066486   37217504    220      20  250708       2.9721     0.001479
_SET1_     78997        20   42840739   42919557    207      19  260507       1.2614      0.10359
_SET1_     7529         20   43479240   43547173    165      12  257686      0.22492      0.41102
_SET1_     57468        20   44615329   44698789    256      23  251416      0.93084      0.17597
_SET1_     63916        20   44984689   45070690     81       7  255460      0.25694      0.39861
_SET1_     10079        20   50203314   50419908    892      47  259626       2.1132     0.017293
_SET1_     8537         20   52550079   52722304    700      58  255519      0.61457      0.26942
_SET1_     9217         20   56929175   57036157    263      25  255972       1.4125     0.078907
_SET1_     8675         20   57191309   57264582    170      33  246692     -0.66633       0.7474
_SET1_     2778         20   57379756   57496250    265      44  254218     -0.70584      0.75986
_SET1_     1002         20   59792482   60525673   2802     246  248832       6.4878   4.3564e-11
_SET1_     3785         20   62021561   62138993    490      53  248146       1.3315      0.09152
_SET1_     1917         20   62109365   62165668    288      34  237755      0.11757       0.4532
_SET1_     4685         21   22335633   22923892   1796     111  253517       3.1433   0.00083522
_SET1_     10694        21   30418647   30481010    119      15  257831       1.6608     0.048377
_SET1_     8867         21   33987269   34135351    222      28  259620       1.1426       0.1266
_SET1_     6453         21   34979706   35271609    470      69  254962       2.5296    0.0057101
_SET1_     539          21   35265757   35323158    157      20  261623       1.0742      0.14138
_SET1_     5211         21   45684925   45757261    244      39  251922       1.6107      0.05362
_SET1_     529          22   18064902   18146588    293      19  259102     -0.19612      0.57774
_SET1_     5413         22   19666987   19720845    121      21  231684      0.84521        0.199
_SET1_     5297         22   21051979   21248100    466      17  260369      0.10916      0.45654
_SET1_     150209       22   21284418   21345649    137      25  248134      0.10713      0.45734
_SET1_     5594         22   22103946   22256970    308      23  259023     -0.47361      0.68211
_SET1_     2781         22   23377669   23477224    191      19  249842     0.041834      0.48332
_SET1_     613          22   23487402   23670224    477      35  257808      -0.7791      0.78204
_SET1_     162          22   29713669   29819754    205      26  254328      0.36031      0.35931
_SET1_     4744         22   29841181   29897279    139      26  250741     -0.85086      0.80258
_SET1_     8508         22   29940797   30012326    191      15  261915     -0.77045      0.77948
_SET1_     7533         22   32305479   32363590    166      34  250376       1.2011      0.11486
_SET1_     51493        22   32773562   32843274    276      37  257571     -0.80522      0.78965
_SET1_     8224         22   32898539   33489377   1710     128  254198      0.97845      0.16392
_SET1_     4627         22   36667323   36819107    463      43  248009     -0.34046      0.63325
_SET1_     10369        22   36946916   37133690    517      65  251654       1.2307      0.10923
_SET1_     114794       22   37754000   37858505    314      37  252012     -0.45847      0.67669
_SET1_     1454         22   38676697   38749089    115      32  245756       2.3252     0.010031
_SET1_     6122         22   39698887   39750670    200      25  259062       3.6112   0.00015241
_SET1_     50           22   41830099   41934993    141      13  249694       3.4077   0.00032754
_SET1_     55964        22   42337855   42404225    172      19  260868       6.0235   8.5332e-10
_SET1_     25813        22   44316261   44402412    311      23  254255       1.0924      0.13733
_SET1_     6305         22   50873429   50948467    237      53  244297       1.0025      0.15806
_SET1_     85358        22   51078070   51181640    227      39  244620       5.0463   2.2519e-07
_SET1_     9185          X   16929814   17181403     15       7  198106      0.90475       0.1828
_SET1_     6792          X   18408725   18681749     19      11  196779      0.79528      0.21322
_SET1_     5160          X   19327011   19389825      1       1  204837      -1.3147       0.9057
_SET1_     22866         X   21357532   21682813     16       9  197124       1.7684     0.038499
_SET1_     1654          X   41157561   41219527      9       4  197763     -0.25753      0.60161
_SET1_     8573          X   41364187   41817415     33      15  198659      0.18832      0.42531
_SET1_     4129          X   43615857   43776721     13       8  197408      0.31581      0.37607
_SET1_     7317          X   47015199   47084527      5       3  198905       1.4743     0.070206
_SET1_     6853          X   47421300   47514256     18       9  200164     -0.68485      0.75328
_SET1_     6855          X   49034263   49091661      7       4  200636      -1.0131      0.84449
_SET1_     23096         X   53252058   53385522     18      12  197773      0.76051      0.22347
_SET1_     4478          X   64773257   64971793      5       3  195339      0.99384      0.16015
_SET1_     1741          X   69629705   69735343     15       8  197849    -0.062885      0.52507
_SET1_     29934         X   70197156   70328276      8       3  201928       1.3978     0.081084
_SET1_     8473          X   70717912   70805747      9       5  197290       1.3005     0.096711
_SET1_     5354          X  102996439  103057548      9       4  201213       1.7996     0.035965
_SET1_     5631          X  106836654  106904256      2       1  195384       1.2273      0.10986
_SET1_     292           X  118567363  118615359      8       3  203503      -0.8807      0.81076
_SET1_     23157         X  118739687  118862333     24      12  199424      0.78791      0.21537
_SET1_     2892          X  122282996  122634766     74      42  199069     -0.80557      0.78975
_SET1_     492           X  152748905  152858387     24      12  200048      0.41304      0.33979
_SET1_     3897          X  153116969  153186628      9       4  198297     -0.11814      0.54702
_SET1_     2664          X  153630259  153681814      8       3  201212       2.4925    0.0063429
_SET1_     4354          X  153996959  154068802      6       3  199548   -0.0045897      0.50183
